0 info it worked if it ends with ok
1 verbose cli [ 'C:\\Program Files\\Nodist\\v-x64\\nodev5.11.1\\node.exe',
1 verbose cli   'C:\\Program Files\\Nodist\\bin\\node_modules\\npm\\bin\\npm-cli.js',
1 verbose cli   'start' ]
2 info using npm@3.5.2
3 info using node@v5.11.1
4 verbose run-script [ 'prestart', 'start', 'poststart' ]
5 info lifecycle cristallfeather.github.io@1.0.0~prestart: cristallfeather.github.io@1.0.0
6 silly lifecycle cristallfeather.github.io@1.0.0~prestart: no script for prestart, continuing
7 info lifecycle cristallfeather.github.io@1.0.0~start: cristallfeather.github.io@1.0.0
8 verbose lifecycle cristallfeather.github.io@1.0.0~start: unsafe-perm in lifecycle true
9 verbose lifecycle cristallfeather.github.io@1.0.0~start: PATH: C:\Program Files\Nodist\bin\node_modules\npm\bin\node-gyp-bin;C:\Users\OVolkov\projects_local\mary\CristallFeather.github.io\node_modules\.bin;C:\tools\ruby23\bin;C:\ProgramData\Oracle\Java\javapath;C:\Ruby23-x64\bin;C:\Program Files\CollabNet\Subversion Client;c:\Program Files (x86)\Intel\iCLS Client\;c:\Program Files\Intel\iCLS Client\;C:\windows\system32;C:\windows;C:\windows\System32\Wbem;C:\windows\System32\WindowsPowerShell\v1.0\;C:\Program Files\Intel\Intel(R) Management Engine Components\DAL;C:\Program Files\Intel\Intel(R) Management Engine Components\IPT;C:\Program Files (x86)\Intel\Intel(R) Management Engine Components\DAL;C:\Program Files (x86)\Intel\Intel(R) Management Engine Components\IPT;C:\Program Files\Git\cmd;C:\Program Files (x86)\Heroku\bin;C:\Program Files (x86)\git\cmd;C:\Program Files\TortoiseSVN\bin;C:\windows\system32\config\systemprofile\.dnx\bin;C:\Program Files\Microsoft DNX\Dnvm\;C:\Program Files\Microsoft SQL Server\130\Tools\Binn\;C:\Program Files (x86)\Windows Kits\8.1\Windows Performance Toolkit\;C:\tools\apache_ant/bin;C:\HashiCorp\Vagrant\bin;C:\ProgramData\chocolatey\bin;C:\Program Files (x86)\Skype\Phone\;C:\Program Files (x86)\Microsoft VS Code\bin;C:\cygwin\bin;C:\Users\OVolkov\AppData\Local\.meteor\;C:\Users\OVolkov\AppData\Local\.meteor\;C:\Program Files\Docker Toolbox;C:\Program Files\Nodist\bin;C:\Program Files (x86)\Heroku\ruby-2.1.7\bin;C:\tools\apache_ant/bin
10 verbose lifecycle cristallfeather.github.io@1.0.0~start: CWD: C:\Users\OVolkov\projects_local\mary\CristallFeather.github.io
11 silly lifecycle cristallfeather.github.io@1.0.0~start: Args: [ '/d /s /c', 'node Main.js' ]
12 silly lifecycle cristallfeather.github.io@1.0.0~start: Returned: code: 1  signal: null
13 info lifecycle cristallfeather.github.io@1.0.0~start: Failed to exec start script
14 verbose stack Error: cristallfeather.github.io@1.0.0 start: `node Main.js`
14 verbose stack Exit status 1
14 verbose stack     at EventEmitter.<anonymous> (C:\Program Files\Nodist\bin\node_modules\npm\lib\utils\lifecycle.js:232:16)
14 verbose stack     at emitTwo (events.js:100:13)
14 verbose stack     at EventEmitter.emit (events.js:185:7)
14 verbose stack     at ChildProcess.<anonymous> (C:\Program Files\Nodist\bin\node_modules\npm\lib\utils\spawn.js:24:14)
14 verbose stack     at emitTwo (events.js:100:13)
14 verbose stack     at ChildProcess.emit (events.js:185:7)
14 verbose stack     at maybeClose (internal/child_process.js:850:16)
14 verbose stack     at Process.ChildProcess._handle.onexit (internal/child_process.js:215:5)
15 verbose pkgid cristallfeather.github.io@1.0.0
16 verbose cwd C:\Users\OVolkov\projects_local\mary\CristallFeather.github.io
17 error Windows_NT 6.1.7601
18 error argv "C:\\Program Files\\Nodist\\v-x64\\nodev5.11.1\\node.exe" "C:\\Program Files\\Nodist\\bin\\node_modules\\npm\\bin\\npm-cli.js" "start"
19 error node v5.11.1
20 error npm  v3.5.2
21 error code ELIFECYCLE
22 error cristallfeather.github.io@1.0.0 start: `node Main.js`
22 error Exit status 1
23 error Failed at the cristallfeather.github.io@1.0.0 start script 'node Main.js'.
23 error Make sure you have the latest version of node.js and npm installed.
23 error If you do, this is most likely a problem with the cristallfeather.github.io package,
23 error not with npm itself.
23 error Tell the author that this fails on your system:
23 error     node Main.js
23 error You can get information on how to open an issue for this project with:
23 error     npm bugs cristallfeather.github.io
23 error Or if that isn't available, you can get their info via:
23 error     npm owner ls cristallfeather.github.io
23 error There is likely additional logging output above.
24 verbose exit [ 1, true ]
